<?xml version="1.0" encoding="UTF-8"?>
<testng-results ignored="0" total="2" passed="2" failed="0" skipped="0">
  <reporter-output>
  </reporter-output>
  <suite started-at="2023-09-21T14:32:44 EDT" name="Default suite" finished-at="2023-09-21T14:34:33 EDT" duration-ms="108818">
    <groups>
    </groups>
    <test started-at="2023-09-21T14:32:44 EDT" name="Default test" finished-at="2023-09-21T14:34:33 EDT" duration-ms="108818">
      <class name="step_definitions.DataBaseValidation">
        <test-method is-config="true" signature="commonSteps()[pri:0, instance:step_definitions.DataBaseValidation@4aac85fa]" started-at="2023-09-21T14:32:44 EDT" name="commonSteps" finished-at="2023-09-21T14:32:44 EDT" duration-ms="471" status="PASS">
          <reporter-output>
          </reporter-output>
        </test-method> <!-- commonSteps -->
        <test-method signature="testCase1()[pri:0, instance:step_definitions.DataBaseValidation@4aac85fa]" started-at="2023-09-21T14:32:44 EDT" name="testCase1" finished-at="2023-09-21T14:33:01 EDT" duration-ms="16946" status="PASS">
          <reporter-output>
          </reporter-output>
        </test-method> <!-- testCase1 -->
        <test-method is-config="true" signature="commonSteps()[pri:0, instance:step_definitions.DataBaseValidation@4aac85fa]" started-at="2023-09-21T14:33:01 EDT" name="commonSteps" finished-at="2023-09-21T14:33:01 EDT" duration-ms="17" status="PASS">
          <reporter-output>
          </reporter-output>
        </test-method> <!-- commonSteps -->
        <test-method signature="testCase2()[pri:0, instance:step_definitions.DataBaseValidation@4aac85fa]" started-at="2023-09-21T14:33:01 EDT" name="testCase2" finished-at="2023-09-21T14:34:27 EDT" duration-ms="85656" status="PASS">
          <reporter-output>
          </reporter-output>
        </test-method> <!-- testCase2 -->
        <test-method is-config="true" signature="cleanup()[pri:0, instance:step_definitions.DataBaseValidation@4aac85fa]" started-at="2023-09-21T14:34:27 EDT" name="cleanup" finished-at="2023-09-21T14:34:33 EDT" duration-ms="5678" status="PASS">
          <reporter-output>
          </reporter-output>
        </test-method> <!-- cleanup -->
      </class> <!-- step_definitions.DataBaseValidation -->
    </test> <!-- Default test -->
  </suite> <!-- Default suite -->
</testng-results>
