<?xml version="1.0" encoding="UTF-8"?>
<testng-results ignored="0" total="2" passed="2" failed="0" skipped="0">
  <reporter-output>
  </reporter-output>
  <suite started-at="2023-09-25T18:27:09 EDT" name="Default suite" finished-at="2023-09-25T18:27:50 EDT" duration-ms="40927">
    <groups>
    </groups>
    <test started-at="2023-09-25T18:27:09 EDT" name="Default test" finished-at="2023-09-25T18:27:50 EDT" duration-ms="40927">
      <class name="step_definitions.DataBaseValidation">
        <test-method is-config="true" signature="commonSteps()[pri:0, instance:step_definitions.DataBaseValidation@622ef26a]" started-at="2023-09-25T18:27:09 EDT" name="commonSteps" finished-at="2023-09-25T18:27:09 EDT" duration-ms="323" status="PASS">
          <reporter-output>
          </reporter-output>
        </test-method> <!-- commonSteps -->
        <test-method signature="testCase1()[pri:0, instance:step_definitions.DataBaseValidation@622ef26a]" started-at="2023-09-25T18:27:09 EDT" name="testCase1" finished-at="2023-09-25T18:27:25 EDT" duration-ms="16291" status="PASS">
          <reporter-output>
          </reporter-output>
        </test-method> <!-- testCase1 -->
        <test-method is-config="true" signature="commonSteps()[pri:0, instance:step_definitions.DataBaseValidation@622ef26a]" started-at="2023-09-25T18:27:25 EDT" name="commonSteps" finished-at="2023-09-25T18:27:25 EDT" duration-ms="12" status="PASS">
          <reporter-output>
          </reporter-output>
        </test-method> <!-- commonSteps -->
        <test-method signature="testCase2()[pri:0, instance:step_definitions.DataBaseValidation@622ef26a]" started-at="2023-09-25T18:27:25 EDT" name="testCase2" finished-at="2023-09-25T18:27:48 EDT" duration-ms="22383" status="PASS">
          <reporter-output>
          </reporter-output>
        </test-method> <!-- testCase2 -->
        <test-method is-config="true" signature="cleanup()[pri:0, instance:step_definitions.DataBaseValidation@622ef26a]" started-at="2023-09-25T18:27:48 EDT" name="cleanup" finished-at="2023-09-25T18:27:50 EDT" duration-ms="1871" status="PASS">
          <reporter-output>
          </reporter-output>
        </test-method> <!-- cleanup -->
      </class> <!-- step_definitions.DataBaseValidation -->
    </test> <!-- Default test -->
  </suite> <!-- Default suite -->
</testng-results>
